Arguments: 
  C:\Program Files\nodejs\node.exe C:\Users\15625\AppData\Roaming\npm\node_modules\yarn\bin\yarn.js add @vue/babel-preset-jsx @vue/babel-helper-vue-jsx-merge-props

PATH: 
  C:\Program Files (x86)\Intel\Intel(R) Management Engine Components\iCLS\;C:\Program Files\Intel\Intel(R) Management Engine Components\iCLS\;C:\Windows\system32;C:\Windows;C:\Windows\System32\Wbem;C:\Windows\System32\WindowsPowerShell\v1.0\;C:\Windows\System32\OpenSSH\;C:\Program Files (x86)\NVIDIA Corporation\PhysX\Common;C:\Program Files (x86)\Intel\Intel(R) Management Engine Components\DAL;C:\Program Files\Intel\Intel(R) Management Engine Components\DAL;C:\Program Files (x86)\Intel\Intel(R) Management Engine Components\IPT;C:\Program Files\Intel\Intel(R) Management Engine Components\IPT;C:\Program Files\Intel\WiFi\bin\;C:\Program Files\Common Files\Intel\WirelessCommon\;C:\Program Files\Git\cmd;C:\Program Files\NVIDIA Corporation\NVIDIA NvDLISR;D:\google\OpenSSH-Win64\OpenSSH-Win64;C:\Program Files\Dart\dart-sdk\bin;C:\Program Files\TortoiseSVN\bin;C:\Users\15625\AppData\Local\Programs\Python\Python36\Scripts\;C:\Users\15625\AppData\Local\Programs\Python\Python36\;C:\Ruby26-x64\bin;C:\Users\15625\AppData\Roaming\nvm;C:\Program Files\nodejs;C:\Program Files\Java\jdk-13.0.1\bin;C:\Program Files\Java\jdk-13.0.1\jre\bin;;C:\WINDOWS\system32;C:\WINDOWS;C:\WINDOWS\System32\Wbem;C:\WINDOWS\System32\WindowsPowerShell\v1.0\;C:\WINDOWS\System32\OpenSSH\;C:\Users\15625\Anaconda3;C:\Users\15625\Anaconda3\Library\mingw-w64\bin;C:\Users\15625\Anaconda3\Library\usr\bin;C:\Users\15625\Anaconda3\Library\bin;C:\Users\15625\Anaconda3\Scripts;C:\Users\15625\AppData\Local\Programs\Python\Python36\Scripts\;C:\Users\15625\AppData\Local\Programs\Python\Python36\;C:\Ruby26-x64\bin;C:\Users\15625\AppData\Local\Microsoft\WindowsApps;C:\Program Files\Bandizip\;C:\Users\15625\AppData\Local\Programs\Microsoft VS Code\bin;C:\Users\15625\AppData\Roaming\npm;C:\Users\15625\AppData\Roaming\nvm;C:\Program Files\nodejs;D:\flutter\bin;

Yarn version: 
  1.15.2

Node version: 
  11.10.1

Platform: 
  win32 x64

Trace: 
  Error: ENOENT: no such file or directory, copyfile 'C:\Users\15625\AppData\Local\Yarn\Cache\v4\npm-yallist-2.1.2-1c11f9218f076089a47dd512f93c6699a6a81d52\node_modules\yallist\iterator.js' -> 'D:\学习训练\github库\exploreElement\node_modules\@vue\component-compiler-utils\node_modules\yallist\iterator.js'

npm manifest: 
  {
    "name": "yunwangronghe",
    "version": "1.0.0",
    "description": "",
    "main": "index.js",
    "scripts": {
      "test": "echo \"Error: no test specified\" && exit 1",
      "start": "webpack-dev-server --config webpack.dev.config",
      "build": "webpack --config webpack.prod.config"
    },
    "author": "",
    "license": "ISC",
    "devDependencies": {
      "babel-core": "^6.26.3",
      "babel-loader": "^7.1.5",
      "babel-plugin-component": "^1.1.1",
      "babel-plugin-transform-runtime": "^6.23.0",
      "babel-preset-env": "^1.7.0",
      "babel-preset-stage-0": "^6.24.1",
      "clean-webpack-plugin": "^3.0.0",
      "css-loader": "^2.1.1",
      "echarts-wordcloud": "^1.1.3",
      "file-loader": "^3.0.1",
      "html-webpack-plugin": "^3.2.0",
      "mini-css-extract-plugin": "^0.5.0",
      "node-sass": "^4.12.0",
      "npm": "^6.9.0",
      "optimize-css-assets-webpack-plugin": "^5.0.1",
      "postcss-loader": "^3.0.0",
      "postcss-preset-env": "^6.6.0",
      "purify-css": "^1.2.5",
      "purifycss-webpack": "^0.7.0",
      "sass-loader": "^7.1.0",
      "style-loader": "^0.23.1",
      "uglifyjs-webpack-plugin": "^2.1.3",
      "url-loader": "^1.1.2",
      "vue-css-modules": "^1.2.0",
      "vue-loader": "^15.7.0",
      "vue-style-loader": "^4.1.2",
      "vue-template-compiler": "^2.6.10",
      "webpack": "^4.33.0",
      "webpack-bundle-analyzer": "^3.3.2",
      "webpack-cli": "^3.3.2",
      "webpack-dev-server": "^3.5.1",
      "webpack-merge": "^4.2.1"
    },
    "dependencies": {
      "@antv/data-set": "^0.10.2",
      "@antv/g2": "^3.5.7",
      "@antv/g6": "^3.0.4",
      "axios": "^0.19.0",
      "echarts": "^4.2.1",
      "element-ui": "^2.9.1",
      "vue": "^2.6.10",
      "vue-router": "^3.0.6",
      "vuex": "^3.1.1",
      "ybnav": "^1.0.1"
    }
  }

yarn manifest: 
  No manifest

Lockfile: 
  No lockfile
